0 info it worked if it ends with ok
1 verbose cli [ '/Users/SuchangKo/.nvm/versions/node/v6.3.1/bin/node',
1 verbose cli   '/Users/SuchangKo/.nvm/versions/node/v6.3.1/bin/npm',
1 verbose cli   'start' ]
2 info using npm@3.10.3
3 info using node@v6.3.1
4 verbose run-script [ 'prestart', 'start', 'poststart' ]
5 info lifecycle healthbyme-node-express@0.0.0~prestart: healthbyme-node-express@0.0.0
6 silly lifecycle healthbyme-node-express@0.0.0~prestart: no script for prestart, continuing
7 info lifecycle healthbyme-node-express@0.0.0~start: healthbyme-node-express@0.0.0
8 verbose lifecycle healthbyme-node-express@0.0.0~start: unsafe-perm in lifecycle true
9 verbose lifecycle healthbyme-node-express@0.0.0~start: PATH: /Users/SuchangKo/.nvm/versions/node/v6.3.1/lib/node_modules/npm/bin/node-gyp-bin:/Users/SuchangKo/AndroidProject/healthbyme-node-express/node_modules/.bin:/Users/SuchangKo/.nvm/versions/node/v6.3.1/bin:/Users/SuchangKo/.nvm/versions/node/v6.3.1/bin:/Library/Frameworks/Python.framework/Versions/3.4/bin:/Library/Frameworks/Python.framework/Versions/3.4/bin:/Users/SuchangKo/bin:/opt/local/bin:/opt/local/sbin:/usr/bin:/bin:/usr/sbin:/sbin:/usr/local/bin:/Users/SuchangKo/Documents/sdk/platform-tools:/Users/SuchangKo/android-ndk-r10b:/Users/SuchangKo/android-ndk-r10:/Users/SuchangKo/Documents/sdk/platform-tools:
10 verbose lifecycle healthbyme-node-express@0.0.0~start: CWD: /Users/SuchangKo/AndroidProject/healthbyme-node-express
11 silly lifecycle healthbyme-node-express@0.0.0~start: Args: [ '-c', 'node ./bin/www' ]
12 silly lifecycle healthbyme-node-express@0.0.0~start: Returned: code: 1  signal: null
13 info lifecycle healthbyme-node-express@0.0.0~start: Failed to exec start script
14 verbose stack Error: healthbyme-node-express@0.0.0 start: `node ./bin/www`
14 verbose stack Exit status 1
14 verbose stack     at EventEmitter.<anonymous> (/Users/SuchangKo/.nvm/versions/node/v6.3.1/lib/node_modules/npm/lib/utils/lifecycle.js:242:16)
14 verbose stack     at emitTwo (events.js:106:13)
14 verbose stack     at EventEmitter.emit (events.js:191:7)
14 verbose stack     at ChildProcess.<anonymous> (/Users/SuchangKo/.nvm/versions/node/v6.3.1/lib/node_modules/npm/lib/utils/spawn.js:40:14)
14 verbose stack     at emitTwo (events.js:106:13)
14 verbose stack     at ChildProcess.emit (events.js:191:7)
14 verbose stack     at maybeClose (internal/child_process.js:852:16)
14 verbose stack     at Process.ChildProcess._handle.onexit (internal/child_process.js:215:5)
15 verbose pkgid healthbyme-node-express@0.0.0
16 verbose cwd /Users/SuchangKo/AndroidProject/healthbyme-node-express
17 error Darwin 15.5.0
18 error argv "/Users/SuchangKo/.nvm/versions/node/v6.3.1/bin/node" "/Users/SuchangKo/.nvm/versions/node/v6.3.1/bin/npm" "start"
19 error node v6.3.1
20 error npm  v3.10.3
21 error code ELIFECYCLE
22 error healthbyme-node-express@0.0.0 start: `node ./bin/www`
22 error Exit status 1
23 error Failed at the healthbyme-node-express@0.0.0 start script 'node ./bin/www'.
23 error Make sure you have the latest version of node.js and npm installed.
23 error If you do, this is most likely a problem with the healthbyme-node-express package,
23 error not with npm itself.
23 error Tell the author that this fails on your system:
23 error     node ./bin/www
23 error You can get information on how to open an issue for this project with:
23 error     npm bugs healthbyme-node-express
23 error Or if that isn't available, you can get their info via:
23 error     npm owner ls healthbyme-node-express
23 error There is likely additional logging output above.
24 verbose exit [ 1, true ]
